2022-06-01 00:04:51,339 INFO s.EmployeeServiceImpl [JettyServerThreadPool-21] Entered getAllEmployees() in service.
2022-06-01 00:04:51,377 INFO s.ReimbursementServiceImpl [JettyServerThreadPool-21] Entered getAllEmployees() in Dao.
2022-06-01 00:15:50,473 INFO s.EmployeeServiceImpl [JettyServerThreadPool-16] Entered getAllEmployees() in service.
2022-06-01 00:15:50,535 INFO s.ReimbursementServiceImpl [JettyServerThreadPool-16] Entered getAllEmployees() in Dao.
2022-06-01 00:19:42,704 INFO s.EmployeeServiceImpl [JettyServerThreadPool-19] Entered getAllEmployees() in service.
2022-06-01 00:19:42,725 INFO s.ReimbursementServiceImpl [JettyServerThreadPool-19] Entered getAllEmployees() in Dao.
2022-06-01 00:19:45,511 INFO s.ReimbursementServiceImpl [JettyServerThreadPool-19] Exited getAllEmployees() in Dao.
2022-06-01 00:19:45,517 INFO s.EmployeeServiceImpl [JettyServerThreadPool-19] Exited getAllEmployees() in service.
2022-06-01 00:20:08,716 INFO s.EmployeeServiceImpl [JettyServerThreadPool-23] Entered getAllEmployees() in service.
2022-06-01 00:20:08,726 INFO s.ReimbursementServiceImpl [JettyServerThreadPool-23] Entered getAllEmployees() in Dao.
2022-06-01 00:20:08,804 INFO s.ReimbursementServiceImpl [JettyServerThreadPool-23] Exited getAllEmployees() in Dao.
2022-06-01 00:20:08,805 INFO s.EmployeeServiceImpl [JettyServerThreadPool-23] Exited getAllEmployees() in service.
2022-06-01 00:31:03,767 INFO s.EmployeeServiceImpl [JettyServerThreadPool-23] Entered getAllEmployees() in service.
2022-06-01 00:31:03,795 INFO s.ReimbursementServiceImpl [JettyServerThreadPool-23] Entered getAllEmployees() in Dao.
2022-06-01 00:31:05,917 INFO s.ReimbursementServiceImpl [JettyServerThreadPool-23] Exited getAllEmployees() in Dao.
2022-06-01 00:31:05,918 INFO s.EmployeeServiceImpl [JettyServerThreadPool-23] Exited getAllEmployees() in service.
2022-06-01 00:32:07,738 INFO s.EmployeeServiceImpl [JettyServerThreadPool-20] Entered getAllEmployees() in service.
2022-06-01 00:32:07,746 INFO s.ReimbursementServiceImpl [JettyServerThreadPool-20] Entered getAllEmployees() in Dao.
2022-06-01 00:32:07,843 INFO s.ReimbursementServiceImpl [JettyServerThreadPool-20] Exited getAllEmployees() in Dao.
2022-06-01 00:32:07,845 INFO s.EmployeeServiceImpl [JettyServerThreadPool-20] Exited getAllEmployees() in service.
2022-06-01 00:32:42,183 INFO s.EmployeeServiceImpl [JettyServerThreadPool-22] Entered getAllEmployees() in service.
2022-06-01 00:32:42,217 INFO s.ReimbursementServiceImpl [JettyServerThreadPool-22] Entered getAllEmployees() in Dao.
2022-06-01 00:32:42,330 INFO s.ReimbursementServiceImpl [JettyServerThreadPool-22] Exited getAllEmployees() in Dao.
2022-06-01 00:32:42,330 INFO s.EmployeeServiceImpl [JettyServerThreadPool-22] Exited getAllEmployees() in service.
2022-06-01 00:33:47,688 INFO s.EmployeeServiceImpl [JettyServerThreadPool-20] Entered getAllEmployees() in service.
2022-06-01 00:33:47,696 INFO s.ReimbursementServiceImpl [JettyServerThreadPool-20] Entered getAllEmployees() in Dao.
2022-06-01 00:33:47,786 INFO s.ReimbursementServiceImpl [JettyServerThreadPool-20] Exited getAllEmployees() in Dao.
2022-06-01 00:33:47,789 INFO s.EmployeeServiceImpl [JettyServerThreadPool-20] Exited getAllEmployees() in service.
2022-06-01 00:39:04,882 INFO s.EmployeeServiceImpl [JettyServerThreadPool-23] Entered getAllEmployees() in service.
2022-06-01 00:39:04,896 INFO s.ReimbursementServiceImpl [JettyServerThreadPool-23] Entered getAllEmployees() in Dao.
2022-06-01 00:39:05,016 INFO s.ReimbursementServiceImpl [JettyServerThreadPool-23] Exited getAllEmployees() in Dao.
2022-06-01 00:39:05,017 INFO s.EmployeeServiceImpl [JettyServerThreadPool-23] Exited getAllEmployees() in service.
2022-06-01 00:39:05,943 INFO s.EmployeeServiceImpl [JettyServerThreadPool-21] Entered getAllEmployees() in service.
2022-06-01 00:39:05,953 INFO s.ReimbursementServiceImpl [JettyServerThreadPool-21] Entered getAllEmployees() in Dao.
2022-06-01 00:39:06,043 INFO s.ReimbursementServiceImpl [JettyServerThreadPool-21] Exited getAllEmployees() in Dao.
2022-06-01 00:39:06,044 INFO s.EmployeeServiceImpl [JettyServerThreadPool-21] Exited getAllEmployees() in service.
2022-06-01 00:39:06,184 INFO s.EmployeeServiceImpl [JettyServerThreadPool-20] Entered getAllEmployees() in service.
2022-06-01 00:39:06,185 INFO s.ReimbursementServiceImpl [JettyServerThreadPool-20] Entered getAllEmployees() in Dao.
2022-06-01 00:39:06,251 INFO s.ReimbursementServiceImpl [JettyServerThreadPool-20] Exited getAllEmployees() in Dao.
2022-06-01 00:39:06,253 INFO s.EmployeeServiceImpl [JettyServerThreadPool-20] Exited getAllEmployees() in service.
2022-06-01 00:42:21,744 INFO s.EmployeeServiceImpl [JettyServerThreadPool-22] Entered getAllEmployees() in service.
2022-06-01 00:42:21,751 INFO s.ReimbursementServiceImpl [JettyServerThreadPool-22] Entered getAllEmployees() in Dao.
2022-06-01 00:42:21,867 INFO s.ReimbursementServiceImpl [JettyServerThreadPool-22] Exited getAllEmployees() in Dao.
2022-06-01 00:42:21,868 INFO s.EmployeeServiceImpl [JettyServerThreadPool-22] Exited getAllEmployees() in service.
2022-06-01 00:49:19,941 INFO s.EmployeeServiceImpl [JettyServerThreadPool-17] Entered getAllEmployees() in service.
2022-06-01 00:49:19,954 INFO s.ReimbursementServiceImpl [JettyServerThreadPool-17] Entered getAllEmployees() in Dao.
2022-06-01 00:49:20,065 INFO s.ReimbursementServiceImpl [JettyServerThreadPool-17] Exited getAllEmployees() in Dao.
2022-06-01 00:49:20,066 INFO s.EmployeeServiceImpl [JettyServerThreadPool-17] Exited getAllEmployees() in service.
2022-06-01 00:49:24,170 INFO s.EmployeeServiceImpl [JettyServerThreadPool-23] Entered getAllEmployees() in service.
2022-06-01 00:49:24,176 INFO s.ReimbursementServiceImpl [JettyServerThreadPool-23] Entered getAllEmployees() in Dao.
2022-06-01 00:49:24,275 INFO s.ReimbursementServiceImpl [JettyServerThreadPool-23] Exited getAllEmployees() in Dao.
2022-06-01 00:49:24,276 INFO s.EmployeeServiceImpl [JettyServerThreadPool-23] Exited getAllEmployees() in service.
2022-06-01 00:49:27,086 INFO s.EmployeeServiceImpl [JettyServerThreadPool-20] Entered getAllEmployees() in service.
2022-06-01 00:49:27,092 INFO s.ReimbursementServiceImpl [JettyServerThreadPool-20] Entered getAllEmployees() in Dao.
2022-06-01 00:49:27,191 INFO s.ReimbursementServiceImpl [JettyServerThreadPool-20] Exited getAllEmployees() in Dao.
2022-06-01 00:49:27,192 INFO s.EmployeeServiceImpl [JettyServerThreadPool-20] Exited getAllEmployees() in service.
2022-06-01 00:49:30,083 INFO s.EmployeeServiceImpl [JettyServerThreadPool-22] Entered getAllEmployees() in service.
2022-06-01 00:49:30,087 INFO s.ReimbursementServiceImpl [JettyServerThreadPool-22] Entered getAllEmployees() in Dao.
2022-06-01 00:49:30,207 INFO s.ReimbursementServiceImpl [JettyServerThreadPool-22] Exited getAllEmployees() in Dao.
2022-06-01 00:49:30,208 INFO s.EmployeeServiceImpl [JettyServerThreadPool-22] Exited getAllEmployees() in service.
2022-06-01 00:54:55,729 INFO s.EmployeeServiceImpl [JettyServerThreadPool-17] Entered getAllEmployees() in service.
2022-06-01 00:54:55,739 INFO s.ReimbursementServiceImpl [JettyServerThreadPool-17] Entered getAllEmployees() in Dao.
2022-06-01 00:54:55,841 INFO s.ReimbursementServiceImpl [JettyServerThreadPool-17] Exited getAllEmployees() in Dao.
2022-06-01 00:54:55,842 INFO s.EmployeeServiceImpl [JettyServerThreadPool-17] Exited getAllEmployees() in service.
2022-06-01 00:58:08,249 INFO s.EmployeeServiceImpl [JettyServerThreadPool-20] Entered getAllEmployees() in service.
2022-06-01 00:58:08,259 INFO s.ReimbursementServiceImpl [JettyServerThreadPool-20] Entered getAllEmployees() in Dao.
2022-06-01 00:58:08,357 INFO s.ReimbursementServiceImpl [JettyServerThreadPool-20] Exited getAllEmployees() in Dao.
2022-06-01 00:58:08,359 INFO s.EmployeeServiceImpl [JettyServerThreadPool-20] Exited getAllEmployees() in service.
2022-06-01 01:05:31,533 INFO s.EmployeeServiceImpl [JettyServerThreadPool-23] Entered getAllEmployees() in service.
2022-06-01 01:05:31,555 INFO s.ReimbursementServiceImpl [JettyServerThreadPool-23] Entered getAllEmployees() in Dao.
2022-06-01 01:05:31,702 INFO s.ReimbursementServiceImpl [JettyServerThreadPool-23] Exited getAllEmployees() in Dao.
2022-06-01 01:05:31,704 INFO s.EmployeeServiceImpl [JettyServerThreadPool-23] Exited getAllEmployees() in service.
2022-06-01 01:07:23,214 INFO s.EmployeeServiceImpl [JettyServerThreadPool-22] Entered getAllEmployees() in service.
2022-06-01 01:07:23,217 INFO s.ReimbursementServiceImpl [JettyServerThreadPool-22] Entered getAllEmployees() in Dao.
2022-06-01 01:07:23,308 INFO s.ReimbursementServiceImpl [JettyServerThreadPool-22] Exited getAllEmployees() in Dao.
2022-06-01 01:07:23,330 INFO s.EmployeeServiceImpl [JettyServerThreadPool-22] Exited getAllEmployees() in service.
2022-06-01 10:11:43,030 INFO s.EmployeeServiceImpl [JettyServerThreadPool-22] Entered getAllEmployees() in service.
2022-06-01 10:11:43,058 INFO s.ReimbursementServiceImpl [JettyServerThreadPool-22] Entered getAllEmployees() in Dao.
2022-06-01 10:11:45,708 INFO s.ReimbursementServiceImpl [JettyServerThreadPool-22] Exited getAllEmployees() in Dao.
2022-06-01 10:11:45,709 INFO s.EmployeeServiceImpl [JettyServerThreadPool-22] Exited getAllEmployees() in service.
2022-06-01 10:12:03,724 INFO s.EmployeeServiceImpl [JettyServerThreadPool-16] Entered getAllEmployees() in service.
2022-06-01 10:12:03,726 INFO s.ReimbursementServiceImpl [JettyServerThreadPool-16] Entered getAllEmployees() in Dao.
2022-06-01 10:12:03,807 INFO s.ReimbursementServiceImpl [JettyServerThreadPool-16] Exited getAllEmployees() in Dao.
2022-06-01 10:12:03,808 INFO s.EmployeeServiceImpl [JettyServerThreadPool-16] Exited getAllEmployees() in service.
2022-06-01 10:14:05,571 INFO s.EmployeeServiceImpl [JettyServerThreadPool-17] Entered getAllEmployees() in service.
2022-06-01 10:14:05,579 INFO s.ReimbursementServiceImpl [JettyServerThreadPool-17] Entered getAllEmployees() in Dao.
2022-06-01 10:14:05,664 INFO s.ReimbursementServiceImpl [JettyServerThreadPool-17] Exited getAllEmployees() in Dao.
2022-06-01 10:14:05,665 INFO s.EmployeeServiceImpl [JettyServerThreadPool-17] Exited getAllEmployees() in service.
2022-06-01 17:58:21,452 INFO s.EmployeeServiceImpl [JettyServerThreadPool-17] Entered getAllEmployees() in service.
2022-06-01 17:58:21,463 INFO s.ReimbursementServiceImpl [JettyServerThreadPool-17] Entered getAllEmployees() in Dao.
2022-06-01 17:58:23,444 INFO s.ReimbursementServiceImpl [JettyServerThreadPool-17] Exited getAllEmployees() in Dao.
2022-06-01 17:58:23,445 INFO s.EmployeeServiceImpl [JettyServerThreadPool-17] Exited getAllEmployees() in service.
2022-06-01 17:58:29,488 INFO s.EmployeeServiceImpl [JettyServerThreadPool-16] Entered getAllEmployees() in service.
2022-06-01 17:58:29,489 INFO s.ReimbursementServiceImpl [JettyServerThreadPool-16] Entered getAllEmployees() in Dao.
2022-06-01 17:58:29,572 INFO s.ReimbursementServiceImpl [JettyServerThreadPool-16] Exited getAllEmployees() in Dao.
2022-06-01 17:58:29,573 INFO s.EmployeeServiceImpl [JettyServerThreadPool-16] Exited getAllEmployees() in service.
2022-06-01 18:00:46,789 INFO s.EmployeeServiceImpl [JettyServerThreadPool-18] Entered getAllEmployees() in service.
2022-06-01 18:00:46,802 INFO s.ReimbursementServiceImpl [JettyServerThreadPool-18] Entered getAllEmployees() in Dao.
2022-06-01 18:00:48,739 INFO s.ReimbursementServiceImpl [JettyServerThreadPool-18] Exited getAllEmployees() in Dao.
2022-06-01 18:00:48,739 INFO s.EmployeeServiceImpl [JettyServerThreadPool-18] Exited getAllEmployees() in service.
2022-06-01 18:00:49,292 INFO s.EmployeeServiceImpl [JettyServerThreadPool-18] Entered getAllEmployees() in service.
2022-06-01 18:00:49,294 INFO s.ReimbursementServiceImpl [JettyServerThreadPool-18] Entered getAllEmployees() in Dao.
2022-06-01 18:00:49,367 INFO s.ReimbursementServiceImpl [JettyServerThreadPool-18] Exited getAllEmployees() in Dao.
2022-06-01 18:00:49,368 INFO s.EmployeeServiceImpl [JettyServerThreadPool-18] Exited getAllEmployees() in service.
2022-06-01 18:08:01,032 INFO s.EmployeeServiceImpl [JettyServerThreadPool-21] Entered login() in service.
2022-06-01 18:08:02,854 INFO s.EmployeeServiceImpl [JettyServerThreadPool-21] Exited login() in service.
2022-06-01 18:09:50,011 INFO s.EmployeeServiceImpl [JettyServerThreadPool-19] Entered getAllEmployees() in service.
2022-06-01 18:09:50,014 INFO s.ReimbursementServiceImpl [JettyServerThreadPool-19] Entered getAllEmployees() in Dao.
2022-06-01 18:09:50,094 INFO s.ReimbursementServiceImpl [JettyServerThreadPool-19] Exited getAllEmployees() in Dao.
2022-06-01 18:09:50,094 INFO s.EmployeeServiceImpl [JettyServerThreadPool-19] Exited getAllEmployees() in service.
2022-06-01 18:10:02,961 INFO s.EmployeeServiceImpl [JettyServerThreadPool-18] Entered login() in service.
2022-06-01 18:10:03,035 INFO s.EmployeeServiceImpl [JettyServerThreadPool-18] Exited login() in service.
2022-06-01 18:12:32,476 INFO s.EmployeeServiceImpl [JettyServerThreadPool-23] Entered login() in service.
2022-06-01 18:12:32,554 INFO s.EmployeeServiceImpl [JettyServerThreadPool-23] Exited login() in service.
2022-06-01 18:13:15,864 INFO s.EmployeeServiceImpl [JettyServerThreadPool-18] Entered login() in service.
2022-06-01 18:13:15,934 INFO s.EmployeeServiceImpl [JettyServerThreadPool-18] Exited login() in service.
2022-06-01 18:13:31,025 INFO s.EmployeeServiceImpl [JettyServerThreadPool-21] Entered login() in service.
2022-06-01 18:13:31,096 INFO s.EmployeeServiceImpl [JettyServerThreadPool-21] Exited login() in service.
2022-06-01 18:14:59,952 INFO s.EmployeeServiceImpl [JettyServerThreadPool-22] Entered getAllEmployees() in service.
2022-06-01 18:14:59,955 INFO s.ReimbursementServiceImpl [JettyServerThreadPool-22] Entered getAllEmployees() in Dao.
2022-06-01 18:15:00,044 INFO s.ReimbursementServiceImpl [JettyServerThreadPool-22] Exited getAllEmployees() in Dao.
2022-06-01 18:15:00,045 INFO s.EmployeeServiceImpl [JettyServerThreadPool-22] Exited getAllEmployees() in service.
2022-06-01 18:16:03,476 INFO s.EmployeeServiceImpl [JettyServerThreadPool-21] Entered login() in service.
2022-06-01 18:16:03,548 INFO s.EmployeeServiceImpl [JettyServerThreadPool-21] Exited login() in service.
2022-06-01 18:21:15,267 INFO s.EmployeeServiceImpl [JettyServerThreadPool-23] Entered login() in service.
2022-06-01 18:21:17,139 INFO s.EmployeeServiceImpl [JettyServerThreadPool-23] Exited login() in service.
2022-06-01 18:24:43,721 INFO s.EmployeeServiceImpl [JettyServerThreadPool-20] Entered login() in service.
2022-06-01 18:24:45,550 INFO s.EmployeeServiceImpl [JettyServerThreadPool-20] Exited login() in service.
2022-06-01 18:27:16,529 INFO s.EmployeeServiceImpl [JettyServerThreadPool-17] Entered login() in service.
2022-06-01 18:27:16,613 INFO s.EmployeeServiceImpl [JettyServerThreadPool-17] Exited login() in service.
2022-06-01 18:32:37,353 INFO s.EmployeeServiceImpl [JettyServerThreadPool-20] Entered login() in service.
2022-06-01 18:32:39,465 INFO s.EmployeeServiceImpl [JettyServerThreadPool-20] Exited login() in service.
2022-06-01 18:33:13,261 INFO s.EmployeeServiceImpl [JettyServerThreadPool-17] Entered login() in service.
2022-06-01 18:33:13,340 INFO s.EmployeeServiceImpl [JettyServerThreadPool-17] Exited login() in service.
2022-06-01 18:33:47,653 INFO s.EmployeeServiceImpl [JettyServerThreadPool-19] Entered getAllEmployees() in service.
2022-06-01 18:33:47,655 INFO s.ReimbursementServiceImpl [JettyServerThreadPool-19] Entered getAllEmployees() in Dao.
2022-06-01 18:33:47,728 INFO s.ReimbursementServiceImpl [JettyServerThreadPool-19] Exited getAllEmployees() in Dao.
2022-06-01 18:33:47,728 INFO s.EmployeeServiceImpl [JettyServerThreadPool-19] Exited getAllEmployees() in service.
2022-06-01 18:33:54,286 INFO s.EmployeeServiceImpl [JettyServerThreadPool-20] Entered getAllEmployees() in service.
2022-06-01 18:33:54,287 INFO s.ReimbursementServiceImpl [JettyServerThreadPool-20] Entered getAllEmployees() in Dao.
2022-06-01 18:33:54,357 INFO s.ReimbursementServiceImpl [JettyServerThreadPool-20] Exited getAllEmployees() in Dao.
2022-06-01 18:33:54,358 INFO s.EmployeeServiceImpl [JettyServerThreadPool-20] Exited getAllEmployees() in service.
2022-06-01 18:38:10,137 INFO s.EmployeeServiceImpl [JettyServerThreadPool-19] Entered login() in service.
2022-06-01 18:38:12,015 INFO s.EmployeeServiceImpl [JettyServerThreadPool-19] Exited login() in service.
2022-06-01 18:38:38,100 INFO s.EmployeeServiceImpl [JettyServerThreadPool-17] Entered getAllEmployees() in service.
2022-06-01 18:38:38,102 INFO s.ReimbursementServiceImpl [JettyServerThreadPool-17] Entered getAllEmployees() in Dao.
2022-06-01 18:38:38,175 INFO s.ReimbursementServiceImpl [JettyServerThreadPool-17] Exited getAllEmployees() in Dao.
2022-06-01 18:38:38,175 INFO s.EmployeeServiceImpl [JettyServerThreadPool-17] Exited getAllEmployees() in service.
2022-06-01 18:39:50,353 INFO s.EmployeeServiceImpl [JettyServerThreadPool-16] Entered login() in service.
2022-06-01 18:39:50,428 INFO s.EmployeeServiceImpl [JettyServerThreadPool-16] Exited login() in service.
2022-06-01 18:40:52,069 INFO s.EmployeeServiceImpl [JettyServerThreadPool-19] Entered login() in service.
2022-06-01 18:40:52,147 INFO s.EmployeeServiceImpl [JettyServerThreadPool-19] Exited login() in service.
2022-06-01 18:40:55,146 INFO s.EmployeeServiceImpl [JettyServerThreadPool-17] Entered getAllEmployees() in service.
2022-06-01 18:40:55,147 INFO s.ReimbursementServiceImpl [JettyServerThreadPool-17] Entered getAllEmployees() in Dao.
2022-06-01 18:40:55,222 INFO s.ReimbursementServiceImpl [JettyServerThreadPool-17] Exited getAllEmployees() in Dao.
2022-06-01 18:40:55,223 INFO s.EmployeeServiceImpl [JettyServerThreadPool-17] Exited getAllEmployees() in service.
2022-06-01 18:41:53,339 INFO s.EmployeeServiceImpl [JettyServerThreadPool-19] Entered login() in service.
2022-06-01 18:41:53,412 INFO s.EmployeeServiceImpl [JettyServerThreadPool-19] Exited login() in service.
2022-06-01 18:44:09,032 INFO s.EmployeeServiceImpl [JettyServerThreadPool-21] Entered login() in service.
2022-06-01 18:44:09,104 INFO s.EmployeeServiceImpl [JettyServerThreadPool-21] Exited login() in service.
2022-06-01 18:44:20,383 INFO s.EmployeeServiceImpl [JettyServerThreadPool-19] Entered login() in service.
2022-06-01 18:44:20,478 INFO s.EmployeeServiceImpl [JettyServerThreadPool-19] Exited login() in service.
2022-06-01 18:46:02,221 INFO s.EmployeeServiceImpl [JettyServerThreadPool-16] Entered login() in service.
2022-06-01 18:46:02,297 INFO s.EmployeeServiceImpl [JettyServerThreadPool-16] Exited login() in service.
2022-06-01 18:46:14,570 INFO s.EmployeeServiceImpl [JettyServerThreadPool-19] Entered getAllEmployees() in service.
2022-06-01 18:46:14,571 INFO s.ReimbursementServiceImpl [JettyServerThreadPool-19] Entered getAllEmployees() in Dao.
2022-06-01 18:46:14,640 INFO s.ReimbursementServiceImpl [JettyServerThreadPool-19] Exited getAllEmployees() in Dao.
2022-06-01 18:46:14,640 INFO s.EmployeeServiceImpl [JettyServerThreadPool-19] Exited getAllEmployees() in service.
2022-06-01 21:14:37,592 INFO s.EmployeeServiceImpl [JettyServerThreadPool-23] Entered login() in service.
2022-06-01 21:14:41,529 INFO s.EmployeeServiceImpl [JettyServerThreadPool-19] Entered login() in service.
2022-06-01 21:14:43,423 INFO s.EmployeeServiceImpl [JettyServerThreadPool-18] Entered login() in service.
2022-06-01 21:14:48,095 INFO s.EmployeeServiceImpl [JettyServerThreadPool-19] Entered login() in service.
2022-06-01 21:15:06,466 INFO s.EmployeeServiceImpl [JettyServerThreadPool-17] Entered login() in service.
